<?xml version="1.0" encoding="UTF-8"?>
<testng-results skipped="0" failed="0" ignored="0" total="1" passed="1">
  <reporter-output>
  </reporter-output>
  <suite name="Default suite" duration-ms="47830" started-at="2019-11-06T18:02:21Z" finished-at="2019-11-06T18:03:09Z">
    <groups>
    </groups>
    <test name="Default test" duration-ms="47830" started-at="2019-11-06T18:02:21Z" finished-at="2019-11-06T18:03:09Z">
      <class name="Practice.PracticeSBA.MainTest">
        <test-method status="PASS" signature="setUp()[pri:0, instance:Practice.PracticeSBA.MainTest@1e88b3c]" name="setUp" is-config="true" duration-ms="23265" started-at="2019-11-06T18:02:21Z" finished-at="2019-11-06T18:02:45Z">
          <reporter-output>
          </reporter-output>
        </test-method> <!-- setUp -->
        <test-method status="PASS" signature="TestRun()[pri:0, instance:Practice.PracticeSBA.MainTest@1e88b3c]" name="TestRun" duration-ms="23737" started-at="2019-11-06T18:02:45Z" finished-at="2019-11-06T18:03:08Z">
          <reporter-output>
          </reporter-output>
        </test-method> <!-- TestRun -->
        <test-method status="PASS" signature="teadDown()[pri:0, instance:Practice.PracticeSBA.MainTest@1e88b3c]" name="teadDown" is-config="true" duration-ms="601" started-at="2019-11-06T18:03:08Z" finished-at="2019-11-06T18:03:09Z">
          <reporter-output>
          </reporter-output>
        </test-method> <!-- teadDown -->
      </class> <!-- Practice.PracticeSBA.MainTest -->
    </test> <!-- Default test -->
  </suite> <!-- Default suite -->
</testng-results>
